{"C:\\Users\\lenovo\\Desktop\\affinity-app\\src\\components\\common\\CustomButton.tsx": {"path":"C:\\Users\\lenovo\\Desktop\\affinity-app\\src\\components\\common\\CustomButton.tsx","statementMap":{"0":{"start":{"line":19,"column":44},"end":{"line":35,"column":1}},"1":{"start":{"line":26,"column":2},"end":{"line":34,"column":4}},"2":{"start":{"line":37,"column":15},"end":{"line":60,"column":2}}},"fnMap":{"0":{"name":"(anonymous_0)","decl":{"start":{"line":19,"column":44},"end":{"line":19,"column":45}},"loc":{"start":{"line":25,"column":6},"end":{"line":35,"column":1}},"line":25}},"branchMap":{"0":{"loc":{"start":{"line":29,"column":36},"end":{"line":29,"column":64}},"type":"binary-expr","locations":[{"start":{"line":29,"column":36},"end":{"line":29,"column":45}},{"start":{"line":29,"column":49},"end":{"line":29,"column":64}}],"line":29}},"s":{"0":1,"1":5,"2":1},"f":{"0":5},"b":{"0":[5,1]},"_coverageSchema":"1a1c01bbd47fc00a2c39e90264f33305004495a9","hash":"da98121f340066a1e4d78d23080d4552c1f55e74"}
,"C:\\Users\\lenovo\\Desktop\\affinity-app\\src\\components\\specific\\RegisterAndLogin\\CarouselContainer.tsx": {"path":"C:\\Users\\lenovo\\Desktop\\affinity-app\\src\\components\\specific\\RegisterAndLogin\\CarouselContainer.tsx","statementMap":{"0":{"start":{"line":8,"column":26},"end":{"line":23,"column":1}},"1":{"start":{"line":9,"column":2},"end":{"line":22,"column":4}},"2":{"start":{"line":27,"column":15},"end":{"line":35,"column":2}}},"fnMap":{"0":{"name":"(anonymous_0)","decl":{"start":{"line":8,"column":26},"end":{"line":8,"column":27}},"loc":{"start":{"line":8,"column":32},"end":{"line":23,"column":1}},"line":8}},"branchMap":{},"s":{"0":2,"1":2,"2":2},"f":{"0":2},"b":{},"_coverageSchema":"1a1c01bbd47fc00a2c39e90264f33305004495a9","hash":"bf1d7df0481d2568a91ac82a47c051ae836c09ef"}
,"C:\\Users\\lenovo\\Desktop\\affinity-app\\src\\components\\specific\\RegisterAndLogin\\CustomCheckbox.tsx": {"path":"C:\\Users\\lenovo\\Desktop\\affinity-app\\src\\components\\specific\\RegisterAndLogin\\CustomCheckbox.tsx","statementMap":{"0":{"start":{"line":10,"column":54},"end":{"line":14,"column":1}},"1":{"start":{"line":11,"column":2},"end":{"line":13,"column":21}},"2":{"start":{"line":16,"column":15},"end":{"line":32,"column":2}}},"fnMap":{"0":{"name":"(anonymous_0)","decl":{"start":{"line":10,"column":54},"end":{"line":10,"column":55}},"loc":{"start":{"line":11,"column":2},"end":{"line":13,"column":21}},"line":11}},"branchMap":{"0":{"loc":{"start":{"line":12,"column":5},"end":{"line":12,"column":76}},"type":"binary-expr","locations":[{"start":{"line":12,"column":5},"end":{"line":12,"column":14}},{"start":{"line":12,"column":18},"end":{"line":12,"column":76}}],"line":12}},"s":{"0":1,"1":3,"2":1},"f":{"0":3},"b":{"0":[3,2]},"_coverageSchema":"1a1c01bbd47fc00a2c39e90264f33305004495a9","hash":"ba337495f73323932c8ee29cc7b07a1201eb49ae"}
,"C:\\Users\\lenovo\\Desktop\\affinity-app\\src\\navigations\\AppNavigator.tsx": {"path":"C:\\Users\\lenovo\\Desktop\\affinity-app\\src\\navigations\\AppNavigator.tsx","statementMap":{"0":{"start":{"line":10,"column":14},"end":{"line":10,"column":56}},"1":{"start":{"line":12,"column":31},"end":{"line":41,"column":1}},"2":{"start":{"line":13,"column":40},"end":{"line":13,"column":58}},"3":{"start":{"line":15,"column":2},"end":{"line":40,"column":4}},"4":{"start":{"line":20,"column":16},"end":{"line":24,"column":18}},"5":{"start":{"line":32,"column":16},"end":{"line":35,"column":18}}},"fnMap":{"0":{"name":"(anonymous_0)","decl":{"start":{"line":12,"column":31},"end":{"line":12,"column":32}},"loc":{"start":{"line":12,"column":37},"end":{"line":41,"column":1}},"line":12},"1":{"name":"(anonymous_1)","decl":{"start":{"line":19,"column":15},"end":{"line":19,"column":16}},"loc":{"start":{"line":20,"column":16},"end":{"line":24,"column":18}},"line":20},"2":{"name":"(anonymous_2)","decl":{"start":{"line":31,"column":15},"end":{"line":31,"column":16}},"loc":{"start":{"line":32,"column":16},"end":{"line":35,"column":18}},"line":32}},"branchMap":{},"s":{"0":0,"1":0,"2":0,"3":0,"4":0,"5":0},"f":{"0":0,"1":0,"2":0},"b":{}}
,"C:\\Users\\lenovo\\Desktop\\affinity-app\\src\\screens\\RegisterAndLogin\\CreateAccount.tsx": {"path":"C:\\Users\\lenovo\\Desktop\\affinity-app\\src\\screens\\RegisterAndLogin\\CreateAccount.tsx","statementMap":{"0":{"start":{"line":25,"column":39},"end":{"line":181,"column":1}},"1":{"start":{"line":26,"column":37},"end":{"line":26,"column":67}},"2":{"start":{"line":27,"column":34},"end":{"line":27,"column":64}},"3":{"start":{"line":29,"column":31},"end":{"line":29,"column":57}},"4":{"start":{"line":30,"column":31},"end":{"line":34,"column":4}},"5":{"start":{"line":36,"column":51},"end":{"line":36,"column":77}},"6":{"start":{"line":38,"column":2},"end":{"line":46,"column":25}},"7":{"start":{"line":39,"column":4},"end":{"line":45,"column":5}},"8":{"start":{"line":41,"column":6},"end":{"line":41,"column":23}},"9":{"start":{"line":44,"column":6},"end":{"line":44,"column":22}},"10":{"start":{"line":49,"column":28},"end":{"line":51,"column":3}},"11":{"start":{"line":50,"column":4},"end":{"line":50,"column":42}},"12":{"start":{"line":55,"column":30},"end":{"line":91,"column":3}},"13":{"start":{"line":57,"column":4},"end":{"line":70,"column":5}},"14":{"start":{"line":58,"column":6},"end":{"line":58,"column":44}},"15":{"start":{"line":59,"column":6},"end":{"line":59,"column":13}},"16":{"start":{"line":61,"column":6},"end":{"line":64,"column":7}},"17":{"start":{"line":62,"column":8},"end":{"line":62,"column":55}},"18":{"start":{"line":63,"column":8},"end":{"line":63,"column":15}},"19":{"start":{"line":65,"column":6},"end":{"line":69,"column":7}},"20":{"start":{"line":67,"column":8},"end":{"line":67,"column":37}},"21":{"start":{"line":68,"column":8},"end":{"line":68,"column":15}},"22":{"start":{"line":74,"column":4},"end":{"line":90,"column":5}},"23":{"start":{"line":75,"column":37},"end":{"line":75,"column":44}},"24":{"start":{"line":76,"column":22},"end":{"line":84,"column":8}},"25":{"start":{"line":86,"column":6},"end":{"line":86,"column":52}},"26":{"start":{"line":88,"column":6},"end":{"line":88,"column":53}},"27":{"start":{"line":89,"column":6},"end":{"line":89,"column":44}},"28":{"start":{"line":95,"column":2},"end":{"line":180,"column":4}},"29":{"start":{"line":116,"column":38},"end":{"line":116,"column":68}},"30":{"start":{"line":128,"column":38},"end":{"line":128,"column":69}},"31":{"start":{"line":139,"column":38},"end":{"line":139,"column":69}},"32":{"start":{"line":147,"column":27},"end":{"line":147,"column":52}},"33":{"start":{"line":172,"column":40},"end":{"line":172,"column":68}},"34":{"start":{"line":185,"column":15},"end":{"line":230,"column":2}}},"fnMap":{"0":{"name":"(anonymous_0)","decl":{"start":{"line":25,"column":39},"end":{"line":25,"column":40}},"loc":{"start":{"line":25,"column":59},"end":{"line":181,"column":1}},"line":25},"1":{"name":"(anonymous_1)","decl":{"start":{"line":38,"column":18},"end":{"line":38,"column":19}},"loc":{"start":{"line":38,"column":22},"end":{"line":46,"column":3}},"line":38},"2":{"name":"(anonymous_2)","decl":{"start":{"line":49,"column":28},"end":{"line":49,"column":29}},"loc":{"start":{"line":49,"column":56},"end":{"line":51,"column":3}},"line":49},"3":{"name":"(anonymous_3)","decl":{"start":{"line":55,"column":30},"end":{"line":55,"column":31}},"loc":{"start":{"line":55,"column":39},"end":{"line":91,"column":3}},"line":55},"4":{"name":"(anonymous_4)","decl":{"start":{"line":116,"column":30},"end":{"line":116,"column":31}},"loc":{"start":{"line":116,"column":38},"end":{"line":116,"column":68}},"line":116},"5":{"name":"(anonymous_5)","decl":{"start":{"line":128,"column":30},"end":{"line":128,"column":31}},"loc":{"start":{"line":128,"column":38},"end":{"line":128,"column":69}},"line":128},"6":{"name":"(anonymous_6)","decl":{"start":{"line":139,"column":30},"end":{"line":139,"column":31}},"loc":{"start":{"line":139,"column":38},"end":{"line":139,"column":69}},"line":139},"7":{"name":"(anonymous_7)","decl":{"start":{"line":147,"column":21},"end":{"line":147,"column":22}},"loc":{"start":{"line":147,"column":27},"end":{"line":147,"column":52}},"line":147},"8":{"name":"(anonymous_8)","decl":{"start":{"line":172,"column":36},"end":{"line":172,"column":37}},"loc":{"start":{"line":172,"column":40},"end":{"line":172,"column":68}},"line":172}},"branchMap":{"0":{"loc":{"start":{"line":39,"column":4},"end":{"line":45,"column":5}},"type":"if","locations":[{"start":{"line":39,"column":4},"end":{"line":45,"column":5}},{"start":{"line":42,"column":9},"end":{"line":45,"column":5}}],"line":39},"1":{"loc":{"start":{"line":39,"column":7},"end":{"line":39,"column":67}},"type":"binary-expr","locations":[{"start":{"line":39,"column":7},"end":{"line":39,"column":19}},{"start":{"line":39,"column":23},"end":{"line":39,"column":36}},{"start":{"line":39,"column":40},"end":{"line":39,"column":53}},{"start":{"line":39,"column":57},"end":{"line":39,"column":67}}],"line":39},"2":{"loc":{"start":{"line":57,"column":4},"end":{"line":70,"column":5}},"type":"if","locations":[{"start":{"line":57,"column":4},"end":{"line":70,"column":5}},{"start":{"line":60,"column":9},"end":{"line":70,"column":5}}],"line":57},"3":{"loc":{"start":{"line":57,"column":7},"end":{"line":57,"column":56}},"type":"binary-expr","locations":[{"start":{"line":57,"column":7},"end":{"line":57,"column":20}},{"start":{"line":57,"column":24},"end":{"line":57,"column":38}},{"start":{"line":57,"column":42},"end":{"line":57,"column":56}}],"line":57},"4":{"loc":{"start":{"line":61,"column":6},"end":{"line":64,"column":7}},"type":"if","locations":[{"start":{"line":61,"column":6},"end":{"line":64,"column":7}},{"start":{},"end":{}}],"line":61},"5":{"loc":{"start":{"line":65,"column":6},"end":{"line":69,"column":7}},"type":"if","locations":[{"start":{"line":65,"column":6},"end":{"line":69,"column":7}},{"start":{},"end":{}}],"line":65},"6":{"loc":{"start":{"line":154,"column":7},"end":{"line":154,"column":40}},"type":"binary-expr","locations":[{"start":{"line":154,"column":7},"end":{"line":154,"column":14}},{"start":{"line":154,"column":18},"end":{"line":154,"column":40}}],"line":154}},"s":{"0":0,"1":0,"2":0,"3":0,"4":0,"5":0,"6":0,"7":0,"8":0,"9":0,"10":0,"11":0,"12":0,"13":0,"14":0,"15":0,"16":0,"17":0,"18":0,"19":0,"20":0,"21":0,"22":0,"23":0,"24":0,"25":0,"26":0,"27":0,"28":0,"29":0,"30":0,"31":0,"32":0,"33":0,"34":0},"f":{"0":0,"1":0,"2":0,"3":0,"4":0,"5":0,"6":0,"7":0,"8":0},"b":{"0":[0,0],"1":[0,0,0,0],"2":[0,0],"3":[0,0,0],"4":[0,0],"5":[0,0],"6":[0,0]}}
,"C:\\Users\\lenovo\\Desktop\\affinity-app\\src\\screens\\RegisterAndLogin\\LoadingScreen.tsx": {"path":"C:\\Users\\lenovo\\Desktop\\affinity-app\\src\\screens\\RegisterAndLogin\\LoadingScreen.tsx","statementMap":{"0":{"start":{"line":7,"column":22},"end":{"line":13,"column":1}},"1":{"start":{"line":8,"column":2},"end":{"line":12,"column":4}},"2":{"start":{"line":17,"column":15},"end":{"line":33,"column":2}}},"fnMap":{"0":{"name":"(anonymous_0)","decl":{"start":{"line":7,"column":22},"end":{"line":7,"column":23}},"loc":{"start":{"line":7,"column":28},"end":{"line":13,"column":1}},"line":7}},"branchMap":{},"s":{"0":1,"1":1,"2":1},"f":{"0":1},"b":{},"_coverageSchema":"1a1c01bbd47fc00a2c39e90264f33305004495a9","hash":"775c33ee66baf64956e5d0ac252e63c8448b8983"}
,"C:\\Users\\lenovo\\Desktop\\affinity-app\\src\\screens\\RegisterAndLogin\\Login.tsx": {"path":"C:\\Users\\lenovo\\Desktop\\affinity-app\\src\\screens\\RegisterAndLogin\\Login.tsx","statementMap":{"0":{"start":{"line":18,"column":31},"end":{"line":78,"column":1}},"1":{"start":{"line":19,"column":48},"end":{"line":19,"column":69}},"2":{"start":{"line":20,"column":38},"end":{"line":20,"column":64}},"3":{"start":{"line":22,"column":22},"end":{"line":35,"column":3}},"4":{"start":{"line":23,"column":4},"end":{"line":34,"column":5}},"5":{"start":{"line":24,"column":23},"end":{"line":24,"column":100}},"6":{"start":{"line":25,"column":6},"end":{"line":31,"column":7}},"7":{"start":{"line":26,"column":8},"end":{"line":26,"column":86}},"8":{"start":{"line":27,"column":8},"end":{"line":27,"column":63}},"9":{"start":{"line":28,"column":8},"end":{"line":30,"column":17}},"10":{"start":{"line":29,"column":10},"end":{"line":29,"column":61}},"11":{"start":{"line":33,"column":6},"end":{"line":33,"column":66}},"12":{"start":{"line":37,"column":2},"end":{"line":77,"column":4}},"13":{"start":{"line":58,"column":38},"end":{"line":58,"column":58}},"14":{"start":{"line":70,"column":41},"end":{"line":70,"column":74}},"15":{"start":{"line":82,"column":15},"end":{"line":114,"column":2}}},"fnMap":{"0":{"name":"(anonymous_0)","decl":{"start":{"line":18,"column":31},"end":{"line":18,"column":32}},"loc":{"start":{"line":18,"column":80},"end":{"line":78,"column":1}},"line":18},"1":{"name":"(anonymous_1)","decl":{"start":{"line":22,"column":22},"end":{"line":22,"column":23}},"loc":{"start":{"line":22,"column":34},"end":{"line":35,"column":3}},"line":22},"2":{"name":"(anonymous_2)","decl":{"start":{"line":28,"column":19},"end":{"line":28,"column":20}},"loc":{"start":{"line":28,"column":25},"end":{"line":30,"column":9}},"line":28},"3":{"name":"(anonymous_3)","decl":{"start":{"line":58,"column":28},"end":{"line":58,"column":29}},"loc":{"start":{"line":58,"column":38},"end":{"line":58,"column":58}},"line":58},"4":{"name":"(anonymous_4)","decl":{"start":{"line":70,"column":35},"end":{"line":70,"column":36}},"loc":{"start":{"line":70,"column":41},"end":{"line":70,"column":74}},"line":70}},"branchMap":{"0":{"loc":{"start":{"line":25,"column":6},"end":{"line":31,"column":7}},"type":"if","locations":[{"start":{"line":25,"column":6},"end":{"line":31,"column":7}},{"start":{},"end":{}}],"line":25},"1":{"loc":{"start":{"line":33,"column":27},"end":{"line":33,"column":64}},"type":"binary-expr","locations":[{"start":{"line":33,"column":27},"end":{"line":33,"column":38}},{"start":{"line":33,"column":42},"end":{"line":33,"column":64}}],"line":33}},"s":{"0":1,"1":1,"2":1,"3":1,"4":0,"5":0,"6":0,"7":0,"8":0,"9":0,"10":0,"11":0,"12":1,"13":0,"14":0,"15":1},"f":{"0":1,"1":0,"2":0,"3":0,"4":0},"b":{"0":[0,0],"1":[0,0]},"_coverageSchema":"1a1c01bbd47fc00a2c39e90264f33305004495a9","hash":"fdefc83795aa06140c4ac1b97570de50ddef36f5"}
,"C:\\Users\\lenovo\\Desktop\\affinity-app\\src\\screens\\RegisterAndLogin\\OtpVerification.tsx": {"path":"C:\\Users\\lenovo\\Desktop\\affinity-app\\src\\screens\\RegisterAndLogin\\OtpVerification.tsx","statementMap":{"0":{"start":{"line":29,"column":41},"end":{"line":212,"column":1}},"1":{"start":{"line":30,"column":20},"end":{"line":30,"column":49}},"2":{"start":{"line":31,"column":34},"end":{"line":31,"column":60}},"3":{"start":{"line":33,"column":38},"end":{"line":33,"column":58}},"4":{"start":{"line":34,"column":36},"end":{"line":34,"column":86}},"5":{"start":{"line":35,"column":48},"end":{"line":35,"column":76}},"6":{"start":{"line":38,"column":2},"end":{"line":51,"column":9}},"7":{"start":{"line":39,"column":16},"end":{"line":39,"column":24}},"8":{"start":{"line":40,"column":21},"end":{"line":47,"column":12}},"9":{"start":{"line":41,"column":6},"end":{"line":41,"column":14}},"10":{"start":{"line":42,"column":6},"end":{"line":42,"column":46}},"11":{"start":{"line":42,"column":31},"end":{"line":42,"column":44}},"12":{"start":{"line":43,"column":6},"end":{"line":46,"column":7}},"13":{"start":{"line":44,"column":8},"end":{"line":44,"column":32}},"14":{"start":{"line":45,"column":8},"end":{"line":45,"column":29}},"15":{"start":{"line":50,"column":4},"end":{"line":50,"column":41}},"16":{"start":{"line":50,"column":17},"end":{"line":50,"column":40}},"17":{"start":{"line":55,"column":16},"end":{"line":55,"column":34}},"18":{"start":{"line":56,"column":4},"end":{"line":56,"column":27}},"19":{"start":{"line":58,"column":4},"end":{"line":73,"column":5}},"20":{"start":{"line":59,"column":23},"end":{"line":64,"column":8}},"21":{"start":{"line":65,"column":6},"end":{"line":65,"column":38}},"22":{"start":{"line":67,"column":6},"end":{"line":70,"column":7}},"23":{"start":{"line":68,"column":8},"end":{"line":68,"column":60}},"24":{"start":{"line":72,"column":6},"end":{"line":72,"column":66}},"25":{"start":{"line":76,"column":2},"end":{"line":84,"column":16}},"26":{"start":{"line":78,"column":4},"end":{"line":82,"column":5}},"27":{"start":{"line":79,"column":6},"end":{"line":79,"column":41}},"28":{"start":{"line":80,"column":6},"end":{"line":80,"column":20}},"29":{"start":{"line":86,"column":27},"end":{"line":106,"column":3}},"30":{"start":{"line":89,"column":25},"end":{"line":89,"column":39}},"31":{"start":{"line":90,"column":4},"end":{"line":90,"column":31}},"32":{"start":{"line":91,"column":4},"end":{"line":91,"column":30}},"33":{"start":{"line":92,"column":4},"end":{"line":92,"column":33}},"34":{"start":{"line":94,"column":4},"end":{"line":99,"column":5}},"35":{"start":{"line":95,"column":22},"end":{"line":95,"column":50}},"36":{"start":{"line":96,"column":6},"end":{"line":98,"column":7}},"37":{"start":{"line":97,"column":8},"end":{"line":97,"column":24}},"38":{"start":{"line":100,"column":4},"end":{"line":105,"column":5}},"39":{"start":{"line":101,"column":22},"end":{"line":101,"column":50}},"40":{"start":{"line":102,"column":6},"end":{"line":104,"column":7}},"41":{"start":{"line":103,"column":8},"end":{"line":103,"column":24}},"42":{"start":{"line":108,"column":25},"end":{"line":115,"column":3}},"43":{"start":{"line":109,"column":4},"end":{"line":114,"column":5}},"44":{"start":{"line":110,"column":22},"end":{"line":110,"column":50}},"45":{"start":{"line":111,"column":6},"end":{"line":113,"column":7}},"46":{"start":{"line":112,"column":8},"end":{"line":112,"column":24}},"47":{"start":{"line":117,"column":2},"end":{"line":211,"column":4}},"48":{"start":{"line":149,"column":16},"end":{"line":158,"column":18}},"49":{"start":{"line":155,"column":40},"end":{"line":155,"column":69}},"50":{"start":{"line":156,"column":39},"end":{"line":156,"column":67}},"51":{"start":{"line":157,"column":31},"end":{"line":157,"column":74}},"52":{"start":{"line":162,"column":39},"end":{"line":162,"column":67}},"53":{"start":{"line":216,"column":15},"end":{"line":249,"column":2}}},"fnMap":{"0":{"name":"(anonymous_0)","decl":{"start":{"line":29,"column":41},"end":{"line":29,"column":42}},"loc":{"start":{"line":29,"column":74},"end":{"line":212,"column":1}},"line":29},"1":{"name":"(anonymous_1)","decl":{"start":{"line":38,"column":18},"end":{"line":38,"column":19}},"loc":{"start":{"line":38,"column":24},"end":{"line":51,"column":3}},"line":38},"2":{"name":"(anonymous_2)","decl":{"start":{"line":40,"column":33},"end":{"line":40,"column":34}},"loc":{"start":{"line":40,"column":39},"end":{"line":47,"column":5}},"line":40},"3":{"name":"(anonymous_3)","decl":{"start":{"line":42,"column":18},"end":{"line":42,"column":19}},"loc":{"start":{"line":42,"column":31},"end":{"line":42,"column":44}},"line":42},"4":{"name":"(anonymous_4)","decl":{"start":{"line":50,"column":11},"end":{"line":50,"column":12}},"loc":{"start":{"line":50,"column":17},"end":{"line":50,"column":40}},"line":50},"5":{"name":"verifyOTPfnc","decl":{"start":{"line":53,"column":17},"end":{"line":53,"column":29}},"loc":{"start":{"line":53,"column":31},"end":{"line":74,"column":3}},"line":53},"6":{"name":"(anonymous_6)","decl":{"start":{"line":76,"column":18},"end":{"line":76,"column":19}},"loc":{"start":{"line":76,"column":22},"end":{"line":84,"column":3}},"line":76},"7":{"name":"(anonymous_7)","decl":{"start":{"line":86,"column":27},"end":{"line":86,"column":28}},"loc":{"start":{"line":86,"column":60},"end":{"line":106,"column":3}},"line":86},"8":{"name":"(anonymous_8)","decl":{"start":{"line":108,"column":25},"end":{"line":108,"column":26}},"loc":{"start":{"line":108,"column":56},"end":{"line":115,"column":3}},"line":108},"9":{"name":"(anonymous_9)","decl":{"start":{"line":148,"column":19},"end":{"line":148,"column":20}},"loc":{"start":{"line":149,"column":16},"end":{"line":158,"column":18}},"line":149},"10":{"name":"(anonymous_10)","decl":{"start":{"line":155,"column":32},"end":{"line":155,"column":33}},"loc":{"start":{"line":155,"column":40},"end":{"line":155,"column":69}},"line":155},"11":{"name":"(anonymous_11)","decl":{"start":{"line":156,"column":30},"end":{"line":156,"column":31}},"loc":{"start":{"line":156,"column":39},"end":{"line":156,"column":67}},"line":156},"12":{"name":"(anonymous_12)","decl":{"start":{"line":157,"column":23},"end":{"line":157,"column":24}},"loc":{"start":{"line":157,"column":31},"end":{"line":157,"column":74}},"line":157},"13":{"name":"(anonymous_13)","decl":{"start":{"line":162,"column":35},"end":{"line":162,"column":36}},"loc":{"start":{"line":162,"column":39},"end":{"line":162,"column":67}},"line":162}},"branchMap":{"0":{"loc":{"start":{"line":43,"column":6},"end":{"line":46,"column":7}},"type":"if","locations":[{"start":{"line":43,"column":6},"end":{"line":46,"column":7}},{"start":{},"end":{}}],"line":43},"1":{"loc":{"start":{"line":67,"column":6},"end":{"line":70,"column":7}},"type":"if","locations":[{"start":{"line":67,"column":6},"end":{"line":70,"column":7}},{"start":{},"end":{}}],"line":67},"2":{"loc":{"start":{"line":72,"column":27},"end":{"line":72,"column":64}},"type":"binary-expr","locations":[{"start":{"line":72,"column":27},"end":{"line":72,"column":38}},{"start":{"line":72,"column":42},"end":{"line":72,"column":64}}],"line":72},"3":{"loc":{"start":{"line":78,"column":4},"end":{"line":82,"column":5}},"type":"if","locations":[{"start":{"line":78,"column":4},"end":{"line":82,"column":5}},{"start":{},"end":{}}],"line":78},"4":{"loc":{"start":{"line":94,"column":4},"end":{"line":99,"column":5}},"type":"if","locations":[{"start":{"line":94,"column":4},"end":{"line":99,"column":5}},{"start":{},"end":{}}],"line":94},"5":{"loc":{"start":{"line":94,"column":8},"end":{"line":94,"column":65}},"type":"binary-expr","locations":[{"start":{"line":94,"column":8},"end":{"line":94,"column":25}},{"start":{"line":94,"column":29},"end":{"line":94,"column":65}}],"line":94},"6":{"loc":{"start":{"line":96,"column":6},"end":{"line":98,"column":7}},"type":"if","locations":[{"start":{"line":96,"column":6},"end":{"line":98,"column":7}},{"start":{},"end":{}}],"line":96},"7":{"loc":{"start":{"line":100,"column":4},"end":{"line":105,"column":5}},"type":"if","locations":[{"start":{"line":100,"column":4},"end":{"line":105,"column":5}},{"start":{},"end":{}}],"line":100},"8":{"loc":{"start":{"line":100,"column":8},"end":{"line":100,"column":38}},"type":"binary-expr","locations":[{"start":{"line":100,"column":8},"end":{"line":100,"column":25}},{"start":{"line":100,"column":29},"end":{"line":100,"column":38}}],"line":100},"9":{"loc":{"start":{"line":102,"column":6},"end":{"line":104,"column":7}},"type":"if","locations":[{"start":{"line":102,"column":6},"end":{"line":104,"column":7}},{"start":{},"end":{}}],"line":102},"10":{"loc":{"start":{"line":109,"column":4},"end":{"line":114,"column":5}},"type":"if","locations":[{"start":{"line":109,"column":4},"end":{"line":114,"column":5}},{"start":{},"end":{}}],"line":109},"11":{"loc":{"start":{"line":109,"column":8},"end":{"line":109,"column":58}},"type":"binary-expr","locations":[{"start":{"line":109,"column":8},"end":{"line":109,"column":45}},{"start":{"line":109,"column":49},"end":{"line":109,"column":58}}],"line":109},"12":{"loc":{"start":{"line":111,"column":6},"end":{"line":113,"column":7}},"type":"if","locations":[{"start":{"line":111,"column":6},"end":{"line":113,"column":7}},{"start":{},"end":{}}],"line":111},"13":{"loc":{"start":{"line":188,"column":19},"end":{"line":188,"column":48}},"type":"binary-expr","locations":[{"start":{"line":188,"column":19},"end":{"line":188,"column":29}},{"start":{"line":188,"column":33},"end":{"line":188,"column":48}}],"line":188},"14":{"loc":{"start":{"line":206,"column":16},"end":{"line":206,"column":57}},"type":"cond-expr","locations":[{"start":{"line":206,"column":32},"end":{"line":206,"column":46}},{"start":{"line":206,"column":49},"end":{"line":206,"column":57}}],"line":206}},"s":{"0":0,"1":0,"2":0,"3":0,"4":0,"5":0,"6":0,"7":0,"8":0,"9":0,"10":0,"11":0,"12":0,"13":0,"14":0,"15":0,"16":0,"17":0,"18":0,"19":0,"20":0,"21":0,"22":0,"23":0,"24":0,"25":0,"26":0,"27":0,"28":0,"29":0,"30":0,"31":0,"32":0,"33":0,"34":0,"35":0,"36":0,"37":0,"38":0,"39":0,"40":0,"41":0,"42":0,"43":0,"44":0,"45":0,"46":0,"47":0,"48":0,"49":0,"50":0,"51":0,"52":0,"53":0},"f":{"0":0,"1":0,"2":0,"3":0,"4":0,"5":0,"6":0,"7":0,"8":0,"9":0,"10":0,"11":0,"12":0,"13":0},"b":{"0":[0,0],"1":[0,0],"2":[0,0],"3":[0,0],"4":[0,0],"5":[0,0],"6":[0,0],"7":[0,0],"8":[0,0],"9":[0,0],"10":[0,0],"11":[0,0],"12":[0,0],"13":[0,0],"14":[0,0]}}
,"C:\\Users\\lenovo\\Desktop\\affinity-app\\src\\services\\queries.ts": {"path":"C:\\Users\\lenovo\\Desktop\\affinity-app\\src\\services\\queries.ts","statementMap":{"0":{"start":{"line":3,"column":29},"end":{"line":18,"column":1}},"1":{"start":{"line":21,"column":23},"end":{"line":30,"column":1}},"2":{"start":{"line":33,"column":30},"end":{"line":50,"column":1}}},"fnMap":{},"branchMap":{},"s":{"0":1,"1":1,"2":1},"f":{},"b":{},"_coverageSchema":"1a1c01bbd47fc00a2c39e90264f33305004495a9","hash":"77f949b65f7bea6b157c080ba420f638d29aa96a"}
,"C:\\Users\\lenovo\\Desktop\\affinity-app\\src\\theme\\colors.ts": {"path":"C:\\Users\\lenovo\\Desktop\\affinity-app\\src\\theme\\colors.ts","statementMap":{"0":{"start":{"line":2,"column":15},"end":{"line":120,"column":3}}},"fnMap":{},"branchMap":{},"s":{"0":4},"f":{},"b":{},"_coverageSchema":"1a1c01bbd47fc00a2c39e90264f33305004495a9","hash":"fb278d4c3ae09f42237b9739296daf510bea924c"}
,"C:\\Users\\lenovo\\Desktop\\affinity-app\\src\\theme\\font.ts": {"path":"C:\\Users\\lenovo\\Desktop\\affinity-app\\src\\theme\\font.ts","statementMap":{"0":{"start":{"line":13,"column":15},"end":{"line":19,"column":1}},"1":{"start":{"line":21,"column":21},"end":{"line":34,"column":1}}},"fnMap":{},"branchMap":{},"s":{"0":0,"1":0},"f":{},"b":{}}
,"C:\\Users\\lenovo\\Desktop\\affinity-app\\src\\theme\\images.ts": {"path":"C:\\Users\\lenovo\\Desktop\\affinity-app\\src\\theme\\images.ts","statementMap":{"0":{"start":{"line":2,"column":30},"end":{"line":2,"column":73}}},"fnMap":{},"branchMap":{},"s":{"0":3},"f":{},"b":{},"_coverageSchema":"1a1c01bbd47fc00a2c39e90264f33305004495a9","hash":"dc798de4dc32e6211378e5107b1ec09945656438"}
,"C:\\Users\\lenovo\\Desktop\\affinity-app\\src\\theme\\styles.ts": {"path":"C:\\Users\\lenovo\\Desktop\\affinity-app\\src\\theme\\styles.ts","statementMap":{},"fnMap":{},"branchMap":{},"s":{},"f":{},"b":{}}
,"C:\\Users\\lenovo\\Desktop\\affinity-app\\src\\types\\navigation.ts": {"path":"C:\\Users\\lenovo\\Desktop\\affinity-app\\src\\types\\navigation.ts","statementMap":{},"fnMap":{},"branchMap":{},"s":{},"f":{},"b":{}}
,"C:\\Users\\lenovo\\Desktop\\affinity-app\\src\\types\\registerAndLogin.ts": {"path":"C:\\Users\\lenovo\\Desktop\\affinity-app\\src\\types\\registerAndLogin.ts","statementMap":{},"fnMap":{},"branchMap":{},"s":{},"f":{},"b":{}}
,"C:\\Users\\lenovo\\Desktop\\affinity-app\\src\\utils\\config.ts": {"path":"C:\\Users\\lenovo\\Desktop\\affinity-app\\src\\utils\\config.ts","statementMap":{"0":{"start":{"line":1,"column":22},"end":{"line":1,"column":74}}},"fnMap":{},"branchMap":{},"s":{"0":0},"f":{},"b":{}}
,"C:\\Users\\lenovo\\Desktop\\affinity-app\\src\\utils\\verifyEmail.ts": {"path":"C:\\Users\\lenovo\\Desktop\\affinity-app\\src\\utils\\verifyEmail.ts","statementMap":{"0":{"start":{"line":2,"column":21},"end":{"line":2,"column":49}},"1":{"start":{"line":3,"column":2},"end":{"line":3,"column":32}}},"fnMap":{"0":{"name":"verifyEmail","decl":{"start":{"line":1,"column":16},"end":{"line":1,"column":27}},"loc":{"start":{"line":1,"column":43},"end":{"line":4,"column":1}},"line":1}},"branchMap":{},"s":{"0":0,"1":0},"f":{"0":0},"b":{}}
}
